Tue Jan 16 19:09:26 2024 - INFO  - Start environmental preparation.
Tue Jan 16 19:09:31 2024 - INFO  - pkgs:(git tar bzip2 xz zstd) is already installed
Tue Jan 16 19:09:32 2024 - INFO  - unsupported package manager: apt-get
  % Total    % Received % Xferd  Average Speed   Time    Time     Time  Current
                                 Dload  Upload   Total   Spent    Left  Speed
  0     0    0     0    0     0      0      0 --:--:-- --:--:-- --:--:--     0100 10.2M  100 10.2M    0     0  11.3M      0 --:--:-- --:--:-- --:--:-- 11.3M100 10.2M  100 10.2M    0     0  11.3M      0 --:--:-- --:--:-- --:--:-- 11.3M
Tue Jan 16 19:09:33 2024 - INFO  - End of environmental preparation!
Tue Jan 16 19:09:33 2024 - INFO  - Start to run test.
Ruyi 0.3.0-beta.20240116
usage: ruyi [-h] [-V]
usage: ruyi [-h] [-V]
List of available packages:

* toolchain/gnu-upstream
  - 0.20231212.0 (latest) slug: gnu-upstream-20231212
  - 0.20231118.0 () slug: gnu-upstream-20231118
* toolchain/llvm-upstream
  - 17.0.5-ruyi.20231121 (latest, no binary for current host) slug: llvm-upstream-20231121
* toolchain/gnu-plct
  - 0.20231212.0 (latest) slug: gnu-plct-20231212
  - 0.20231118.0 () slug: gnu-plct-20231118
* toolchain/gnu-plct-xthead
  - 0.20231212.0 (latest) slug: gnu-plct-xthead-20231212
  - 0.20231118.0 () slug: gnu-plct-xthead-20231118
* board-image/uboot-oerv-sipeed-lpi4a-16g
  - 0.2309.1 (latest)
* board-image/buildroot-sdk-milkv-duo256m-python
  - 1.0.7 (latest)
* board-image/buildroot-sdk-milkv-duo256m
  - 1.0.7 (latest)
* board-image/uboot-oerv-sipeed-lpi4a-8g
  - 0.2309.1 (latest)
* board-image/oerv-sg2042-milkv-pioneer-base
  - 0.2309.1 (latest)
* board-image/oerv-sipeed-lpi4a-headless
  - 0.2309.1 (latest)
* board-image/buildroot-sdk-milkv-duo-python
  - 1.0.7 (latest)
* board-image/revyos-sg2042-milkv-pioneer
  - 0.20231220.0 (latest)
* board-image/buildroot-sdk-milkv-duo
  - 1.0.7 (latest)
* board-image/revyos-sipeed-lpi4a
  - 0.20231210.0 (latest)
* board-image/oerv-sg2042-milkv-pioneer-xfce
  - 0.2309.1 (latest)
* board-image/uboot-revyos-sipeed-lpi4a-16g
  - 0.20231210.0 (latest)
* board-image/uboot-revyos-sipeed-lpi4a-8g
  - 0.20231210.0 (latest)
* board-image/oerv-sipeed-lpi4a-xfce
  - 0.2309.1 (latest)
* emulator/qemu-user-riscv-xthead
  - 6.1.0-ruyi.20231207+g03813c9fe8 (latest, no binary for current host)
* emulator/qemu-user-riscv-upstream
  - 8.1.2-ruyi.20231121 (latest, no binary for current host)
* source/coremark
  - 1.0.2-pre.20230125 (prerelease, latest-prerelease)
  - 1.0.1 (latest)
* source/ruyisdk-demo
  - 0.20231114.0 (latest)

There are 2 new news item(s):

 No.   ID                            Title                     
───────────────────────────────────────────────────────────────
 1     2024-01-14-ruyi-news          RuyiSDK 支持展示新闻了    
 2     2024-01-15-new-board-images   新增板卡支持 (2024-01-15) 

You can read them with ruyi news read.
Package declares 3 distfile(s):
Package declares 2 distfile(s):
Package declares 1 distfile(s):
Package declares 3 distfile(s):
Package declares 2 distfile(s):
Package declares 3 distfile(s):
Package declares 2 distfile(s):
Package declares 1 distfile(s):
Package declares 1 distfile(s):
Package declares 1 distfile(s):
Package declares 1 distfile(s):
Package declares 1 distfile(s):
Package declares 2 distfile(s):
Package declares 1 distfile(s):
Package declares 1 distfile(s):
Package declares 1 distfile(s):
Package declares 2 distfile(s):
Package declares 1 distfile(s):
Package declares 1 distfile(s):
Package declares 1 distfile(s):
Package declares 2 distfile(s):
Package declares 1 distfile(s):
Package declares 1 distfile(s):
Package declares 1 distfile(s):
Package declares 1 distfile(s):
Package declares 1 distfile(s):
### Binary artifacts
### Binary artifacts
### Binary artifacts
### Binary artifacts
### Binary artifacts
### Binary artifacts
### Binary artifacts
### Binary artifacts
### Binary artifacts
### Toolchain metadata
### Toolchain metadata
### Toolchain metadata
### Toolchain metadata
### Toolchain metadata
### Toolchain metadata
### Toolchain metadata
generic
sipeed-lpi4a (needs flavor(s): {'xthead'})
milkv-duo
info: downloading https://mirror.iscas.ac.cn/ruyisdk/dist/RuyiSDK-20231212-Upstream-Sources-HOST-riscv64-linux-gnu-riscv64-unknown-linux-gnu.tar.xz to 
/root/.cache/ruyi/distfiles/RuyiSDK-20231212-Upstream-Sources-HOST-riscv64-linux-gnu-riscv64-unknown-linux-gnu.tar.xz
  % Total    % Received % Xferd  Average Speed   Time    Time     Time  Current
                                 Dload  Upload   Total   Spent    Left  Speed
  0     0    0     0    0     0      0      0 --:--:-- --:--:-- --:--:--     0curl: (5) Could not resolve proxy: wrong.proxy
Warning: Problem : timeout. Will retry in 1 seconds. 3 retries left.
  0     0    0     0    0     0      0      0 --:--:-- --:--:-- --:--:--     0curl: (5) Could not resolve proxy: wrong.proxy
Warning: Problem : timeout. Will retry in 2 seconds. 2 retries left.
  0     0    0     0    0     0      0      0 --:--:-- --:--:-- --:--:--     0curl: (5) Could not resolve proxy: wrong.proxy
Warning: Problem : timeout. Will retry in 4 seconds. 1 retries left.
  0     0    0     0    0     0      0      0 --:--:-- --:--:-- --:--:--     0curl: (5) Could not resolve proxy: wrong.proxy
warn: failed to fetch distfile: command 'curl -L --retry 3 --connect-timeout 60 --ftp-pasv -o 
/root/.cache/ruyi/distfiles/RuyiSDK-20231212-Upstream-Sources-HOST-riscv64-linux-gnu-riscv64-unknown-linux-gnu.tar.xz 
https://mirror.iscas.ac.cn/ruyisdk/dist/RuyiSDK-20231212-Upstream-Sources-HOST-riscv64-linux-gnu-riscv64-unknown-linux-gnu.tar.xz' returned 5
Traceback (most recent call last):
  File "/root/.cache/ruyi/progcache/0.3.0-beta.20240116/ruyi/ruyipkg/distfile.py", line 26, in ensure
FileNotFoundError: [Errno 2] No such file or directory: '/root/.cache/ruyi/distfiles/RuyiSDK-20231212-Upstream-Sources-HOST-riscv64-linux-gnu-riscv64-unknown-linux-gnu.tar.xz'

During handling of the above exception, another exception occurred:

Traceback (most recent call last):
  File "/root/.cache/ruyi/progcache/0.3.0-beta.20240116/__main__.py", line 30, in <module>
  File "/root/.cache/ruyi/progcache/0.3.0-beta.20240116/ruyi/cli/__init__.py", line 288, in main
  File "/root/.cache/ruyi/progcache/0.3.0-beta.20240116/ruyi/ruyipkg/pkg_cli.py", line 218, in cli_install
  File "/root/.cache/ruyi/progcache/0.3.0-beta.20240116/ruyi/ruyipkg/pkg_cli.py", line 248, in do_install_atoms
  File "/root/.cache/ruyi/progcache/0.3.0-beta.20240116/ruyi/ruyipkg/pkg_cli.py", line 306, in do_install_binary_pkg
  File "/root/.cache/ruyi/progcache/0.3.0-beta.20240116/ruyi/ruyipkg/distfile.py", line 29, in ensure
  File "/root/.cache/ruyi/progcache/0.3.0-beta.20240116/ruyi/ruyipkg/distfile.py", line 65, in fetch_and_ensure_integrity
  File "/root/.cache/ruyi/progcache/0.3.0-beta.20240116/ruyi/ruyipkg/fetch.py", line 31, in fetch
RuntimeError: failed to fetch '/root/.cache/ruyi/distfiles/RuyiSDK-20231212-Upstream-Sources-HOST-riscv64-linux-gnu-riscv64-unknown-linux-gnu.tar.xz': all source URLs have failed
info: downloading https://mirror.iscas.ac.cn/ruyisdk/dist/RuyiSDK-20231212-Upstream-Sources-HOST-riscv64-linux-gnu-riscv64-unknown-linux-gnu.tar.xz to 
info: skipping already installed package gnu-upstream-0.20231212.0
info: skipping already installed package gnu-upstream-0.20231212.0
info: downloading https://mirror.iscas.ac.cn/ruyisdk/dist/coremark-1.01.tar.gz to /root/.cache/ruyi/distfiles/coremark-1.01.tar.gz
  % Total    % Received % Xferd  Average Speed   Time    Time     Time  Current
                                 Dload  Upload   Total   Spent    Left  Speed
  0     0    0     0    0     0      0      0 --:--:-- --:--:-- --:--:--     0  2  391k    2 11088    0     0  36637      0  0:00:10 --:--:--  0:00:10 36594100  391k  100  391k    0     0   953k      0 --:--:-- --:--:-- --:--:--  953k
info: extracting coremark-1.01.tar.gz for package coremark-1.0.1
info: package coremark-1.0.1 extracted to current working directory
info: uninstallation consent given over CLI, proceeding
info: removing the ruyi binary
info: ruyi is uninstalled
oe_test_ruyi.sh: line 87: /usr/bin/ruyi: No such file or directory
Tue Jan 16 19:11:42 2024 - INFO  - pkgs:(git tar bzip2 xz zstd) is already installed
Tue Jan 16 19:11:43 2024 - INFO  - unsupported package manager: apt-get
  % Total    % Received % Xferd  Average Speed   Time    Time     Time  Current
                                 Dload  Upload   Total   Spent    Left  Speed
  0     0    0     0    0     0      0      0 --:--:-- --:--:-- --:--:--     0  0 10.2M    0 12288    0     0  40524      0  0:04:26 --:--:--  0:04:26 40554100 10.2M  100 10.2M    0     0  11.1M      0 --:--:-- --:--:-- --:--:-- 11.1M
ln: failed to create symbolic link '/usr/bin/ruyi': File exists
info: uninstallation consent given over CLI, proceeding
info: removing installed packages
info: removing cached data
info: removing the ruyi binary
info: ruyi is uninstalled
oe_test_ruyi.sh: line 96: /usr/bin/ruyi: No such file or directory
Tue Jan 16 19:11:50 2024 - INFO  - End of the test.
Tue Jan 16 19:11:50 2024 - INFO  - succeed to execute the case.
Tue Jan 16 19:11:50 2024 - INFO  - start environment cleanup.
Tue Jan 16 19:11:50 2024 - WARN  - no thing to do.
Tue Jan 16 19:11:50 2024 - INFO  - Finish environment cleanup!
